<?xml version="1.0" encoding="UTF-8"?>
<!-- Generated by org.testng.reporters.JUnitReportReporter -->
<testsuite hostname="LAPTOP-U4D0FEK3" failures="0" tests="1" name="testCases.TC002_LoginTest" time="1.817" errors="0" timestamp="2025-02-02T10:52:04 CST" skipped="0">
  <testcase classname="testCases.TC002_LoginTest" name="verify_Login" time="1.817"/>
</testsuite> <!-- testCases.TC002_LoginTest -->
